
*** Running vivado
    with args -log c_counter_binary_0.vds -m64 -product Vivado -mode batch -messageDb vivado.pb -notrace -source c_counter_binary_0.tcl



****** Vivado v2023.2 (64-bit)
  **** SW Build 4029153 on Fri Oct 13 20:14:34 MDT 2023
  **** IP Build 4028589 on Sat Oct 14 00:45:43 MDT 2023
  **** SharedData Build 4025554 on Tue Oct 10 17:18:54 MDT 2023
    ** Copyright 1986-2022 Xilinx, Inc. All Rights Reserved.
    ** Copyright 2022-2023 Advanced Micro Devices, Inc. All Rights Reserved.

source c_counter_binary_0.tcl -notrace
create_project: Time (s): cpu = 00:00:04 ; elapsed = 00:00:10 . Memory (MB): peak = 567.426 ; gain = 181.895
INFO: [IP_Flow 19-234] Refreshing IP repositories
WARNING: [IP_Flow 19-2248] Failed to load user IP repository 'c:/Users/enzof/OneDrive/repo'; Can't find the specified path.
If this directory should no longer be in your list of user repositories, go to the IP Settings dialog and remove it.
INFO: [IP_Flow 19-2313] Loaded Vivado IP repository 'G:/viviadoo/Vivado/2023.2/data/ip'.
WARNING: [IP_Flow 19-4995] The host OS only allows 260 characters in a normal path. The IP cache path is more than 80 characters. If you experience issues with IP caching, please consider changing the IP cache to a location with a shorter path. Alternately consider using the OS subst command to map part of the path to a drive letter. 
Current IP cache path is c:/Users/enzof/OneDrive/Desktop/Basys-3-XADC-2018.2-3/vivado_proj/Basys-3-XADC.cache/ip 
INFO: [IP_Flow 19-6924] IPCACHE: Running cache check for IP inst: c_counter_binary_0
Command: synth_design -top c_counter_binary_0 -part xc7a35tcpg236-1 -incremental_mode off -mode out_of_context
Starting synth_design
Attempting to get a license for feature 'Synthesis' and/or device 'xc7a35t'
INFO: [Common 17-349] Got license for feature 'Synthesis' and/or device 'xc7a35t'
INFO: [Device 21-403] Loading part xc7a35tcpg236-1
INFO: [Synth 8-7079] Multithreading enabled for synth_design using a maximum of 2 processes.
INFO: [Synth 8-7078] Launching helper process for spawning children vivado processes
INFO: [Synth 8-7075] Helper process launched with PID 7176
---------------------------------------------------------------------------------
Starting RTL Elaboration : Time (s): cpu = 00:00:07 ; elapsed = 00:00:15 . Memory (MB): peak = 1410.980 ; gain = 439.215
---------------------------------------------------------------------------------
INFO: [Synth 8-638] synthesizing module 'c_counter_binary_0' [c:/Users/enzof/OneDrive/Desktop/Basys-3-XADC-2018.2-3/vivado_proj/Basys-3-XADC.gen/sources_1/ip/c_counter_binary_0/synth/c_counter_binary_0.vhd:68]
	Parameter C_IMPLEMENTATION bound to: 0 - type: integer 
	Parameter C_VERBOSITY bound to: 0 - type: integer 
	Parameter C_XDEVICEFAMILY bound to: artix7 - type: string 
	Parameter C_WIDTH bound to: 15 - type: integer 
	Parameter C_HAS_CE bound to: 0 - type: integer 
	Parameter C_HAS_SCLR bound to: 1 - type: integer 
	Parameter C_RESTRICT_COUNT bound to: 0 - type: integer 
	Parameter C_COUNT_TO bound to: 1 - type: string 
	Parameter C_COUNT_BY bound to: 1 - type: string 
	Parameter C_COUNT_MODE bound to: 0 - type: integer 
	Parameter C_THRESH0_VALUE bound to: 100111000100000 - type: string 
	Parameter C_CE_OVERRIDES_SYNC bound to: 0 - type: integer 
	Parameter C_HAS_THRESH0 bound to: 1 - type: integer 
	Parameter C_HAS_LOAD bound to: 0 - type: integer 
	Parameter C_LOAD_LOW bound to: 0 - type: integer 
	Parameter C_LATENCY bound to: 1 - type: integer 
	Parameter C_FB_LATENCY bound to: 0 - type: integer 
	Parameter C_AINIT_VAL bound to: 0 - type: string 
	Parameter C_SINIT_VAL bound to: 0 - type: string 
	Parameter C_SCLR_OVERRIDES_SSET bound to: 1 - type: integer 
	Parameter C_HAS_SSET bound to: 0 - type: integer 
	Parameter C_HAS_SINIT bound to: 0 - type: integer 
INFO: [Synth 8-3491] module 'c_counter_binary_v12_0_17' declared at 'c:/Users/enzof/OneDrive/Desktop/Basys-3-XADC-2018.2-3/vivado_proj/Basys-3-XADC.gen/sources_1/ip/c_counter_binary_0/hdl/c_counter_binary_v12_0_vh_rfs.vhd:2133' bound to instance 'U0' of component 'c_counter_binary_v12_0_17' [c:/Users/enzof/OneDrive/Desktop/Basys-3-XADC-2018.2-3/vivado_proj/Basys-3-XADC.gen/sources_1/ip/c_counter_binary_0/synth/c_counter_binary_0.vhd:127]
INFO: [Synth 8-256] done synthesizing module 'c_counter_binary_0' (0#1) [c:/Users/enzof/OneDrive/Desktop/Basys-3-XADC-2018.2-3/vivado_proj/Basys-3-XADC.gen/sources_1/ip/c_counter_binary_0/synth/c_counter_binary_0.vhd:68]
WARNING: [Synth 8-7129] Port CE in module c_reg_fd_v12_0_7_viv is either unconnected or has no load
WARNING: [Synth 8-7129] Port AINIT in module c_reg_fd_v12_0_7_viv is either unconnected or has no load
WARNING: [Synth 8-7129] Port ACLR in module c_reg_fd_v12_0_7_viv is either unconnected or has no load
WARNING: [Synth 8-7129] Port ASET in module c_reg_fd_v12_0_7_viv is either unconnected or has no load
WARNING: [Synth 8-7129] Port SINIT in module c_reg_fd_v12_0_7_viv is either unconnected or has no load
WARNING: [Synth 8-7129] Port SSET in module c_reg_fd_v12_0_7_viv is either unconnected or has no load
WARNING: [Synth 8-7129] Port b[14] in module c_addsub_v12_0_16_lut6_legacy is either unconnected or has no load
WARNING: [Synth 8-7129] Port b[13] in module c_addsub_v12_0_16_lut6_legacy is either unconnected or has no load
WARNING: [Synth 8-7129] Port b[12] in module c_addsub_v12_0_16_lut6_legacy is either unconnected or has no load
WARNING: [Synth 8-7129] Port b[11] in module c_addsub_v12_0_16_lut6_legacy is either unconnected or has no load
WARNING: [Synth 8-7129] Port b[10] in module c_addsub_v12_0_16_lut6_legacy is either unconnected or has no load
WARNING: [Synth 8-7129] Port b[9] in module c_addsub_v12_0_16_lut6_legacy is either unconnected or has no load
WARNING: [Synth 8-7129] Port b[8] in module c_addsub_v12_0_16_lut6_legacy is either unconnected or has no load
WARNING: [Synth 8-7129] Port b[7] in module c_addsub_v12_0_16_lut6_legacy is either unconnected or has no load
WARNING: [Synth 8-7129] Port b[6] in module c_addsub_v12_0_16_lut6_legacy is either unconnected or has no load
WARNING: [Synth 8-7129] Port b[5] in module c_addsub_v12_0_16_lut6_legacy is either unconnected or has no load
WARNING: [Synth 8-7129] Port b[4] in module c_addsub_v12_0_16_lut6_legacy is either unconnected or has no load
WARNING: [Synth 8-7129] Port b[3] in module c_addsub_v12_0_16_lut6_legacy is either unconnected or has no load
WARNING: [Synth 8-7129] Port b[2] in module c_addsub_v12_0_16_lut6_legacy is either unconnected or has no load
WARNING: [Synth 8-7129] Port b[1] in module c_addsub_v12_0_16_lut6_legacy is either unconnected or has no load
WARNING: [Synth 8-7129] Port b[0] in module c_addsub_v12_0_16_lut6_legacy is either unconnected or has no load
WARNING: [Synth 8-7129] Port add in module c_addsub_v12_0_16_lut6_legacy is either unconnected or has no load
WARNING: [Synth 8-7129] Port c_in in module c_addsub_v12_0_16_lut6_legacy is either unconnected or has no load
WARNING: [Synth 8-7129] Port ce in module c_addsub_v12_0_16_lut6_legacy is either unconnected or has no load
WARNING: [Synth 8-7129] Port bypass in module c_addsub_v12_0_16_lut6_legacy is either unconnected or has no load
WARNING: [Synth 8-7129] Port sset in module c_addsub_v12_0_16_lut6_legacy is either unconnected or has no load
WARNING: [Synth 8-7129] Port sinit in module c_addsub_v12_0_16_lut6_legacy is either unconnected or has no load
WARNING: [Synth 8-7129] Port c_in in module c_addsub_v12_0_16_legacy is either unconnected or has no load
WARNING: [Synth 8-7129] Port b_in in module c_addsub_v12_0_16_legacy is either unconnected or has no load
WARNING: [Synth 8-7129] Port a_signed in module c_addsub_v12_0_16_legacy is either unconnected or has no load
WARNING: [Synth 8-7129] Port b_signed in module c_addsub_v12_0_16_legacy is either unconnected or has no load
WARNING: [Synth 8-7129] Port up in module c_counter_binary_v12_0_17_legacy is either unconnected or has no load
WARNING: [Synth 8-7129] Port ce in module c_counter_binary_v12_0_17_legacy is either unconnected or has no load
WARNING: [Synth 8-7129] Port load in module c_counter_binary_v12_0_17_legacy is either unconnected or has no load
WARNING: [Synth 8-7129] Port l[14] in module c_counter_binary_v12_0_17_legacy is either unconnected or has no load
WARNING: [Synth 8-7129] Port l[13] in module c_counter_binary_v12_0_17_legacy is either unconnected or has no load
WARNING: [Synth 8-7129] Port l[12] in module c_counter_binary_v12_0_17_legacy is either unconnected or has no load
WARNING: [Synth 8-7129] Port l[11] in module c_counter_binary_v12_0_17_legacy is either unconnected or has no load
WARNING: [Synth 8-7129] Port l[10] in module c_counter_binary_v12_0_17_legacy is either unconnected or has no load
WARNING: [Synth 8-7129] Port l[9] in module c_counter_binary_v12_0_17_legacy is either unconnected or has no load
WARNING: [Synth 8-7129] Port l[8] in module c_counter_binary_v12_0_17_legacy is either unconnected or has no load
WARNING: [Synth 8-7129] Port l[7] in module c_counter_binary_v12_0_17_legacy is either unconnected or has no load
WARNING: [Synth 8-7129] Port l[6] in module c_counter_binary_v12_0_17_legacy is either unconnected or has no load
WARNING: [Synth 8-7129] Port l[5] in module c_counter_binary_v12_0_17_legacy is either unconnected or has no load
WARNING: [Synth 8-7129] Port l[4] in module c_counter_binary_v12_0_17_legacy is either unconnected or has no load
WARNING: [Synth 8-7129] Port l[3] in module c_counter_binary_v12_0_17_legacy is either unconnected or has no load
WARNING: [Synth 8-7129] Port l[2] in module c_counter_binary_v12_0_17_legacy is either unconnected or has no load
WARNING: [Synth 8-7129] Port l[1] in module c_counter_binary_v12_0_17_legacy is either unconnected or has no load
WARNING: [Synth 8-7129] Port l[0] in module c_counter_binary_v12_0_17_legacy is either unconnected or has no load
WARNING: [Synth 8-7129] Port iv[14] in module c_counter_binary_v12_0_17_legacy is either unconnected or has no load
WARNING: [Synth 8-7129] Port iv[13] in module c_counter_binary_v12_0_17_legacy is either unconnected or has no load
WARNING: [Synth 8-7129] Port iv[12] in module c_counter_binary_v12_0_17_legacy is either unconnected or has no load
WARNING: [Synth 8-7129] Port iv[11] in module c_counter_binary_v12_0_17_legacy is either unconnected or has no load
WARNING: [Synth 8-7129] Port iv[10] in module c_counter_binary_v12_0_17_legacy is either unconnected or has no load
WARNING: [Synth 8-7129] Port iv[9] in module c_counter_binary_v12_0_17_legacy is either unconnected or has no load
WARNING: [Synth 8-7129] Port iv[8] in module c_counter_binary_v12_0_17_legacy is either unconnected or has no load
WARNING: [Synth 8-7129] Port iv[7] in module c_counter_binary_v12_0_17_legacy is either unconnected or has no load
WARNING: [Synth 8-7129] Port iv[6] in module c_counter_binary_v12_0_17_legacy is either unconnected or has no load
WARNING: [Synth 8-7129] Port iv[5] in module c_counter_binary_v12_0_17_legacy is either unconnected or has no load
WARNING: [Synth 8-7129] Port iv[4] in module c_counter_binary_v12_0_17_legacy is either unconnected or has no load
WARNING: [Synth 8-7129] Port iv[3] in module c_counter_binary_v12_0_17_legacy is either unconnected or has no load
WARNING: [Synth 8-7129] Port iv[2] in module c_counter_binary_v12_0_17_legacy is either unconnected or has no load
WARNING: [Synth 8-7129] Port iv[1] in module c_counter_binary_v12_0_17_legacy is either unconnected or has no load
WARNING: [Synth 8-7129] Port iv[0] in module c_counter_binary_v12_0_17_legacy is either unconnected or has no load
WARNING: [Synth 8-7129] Port sset in module c_counter_binary_v12_0_17_legacy is either unconnected or has no load
WARNING: [Synth 8-7129] Port sinit in module c_counter_binary_v12_0_17_legacy is either unconnected or has no load
---------------------------------------------------------------------------------
Finished RTL Elaboration : Time (s): cpu = 00:00:09 ; elapsed = 00:00:21 . Memory (MB): peak = 1548.387 ; gain = 576.621
---------------------------------------------------------------------------------
---------------------------------------------------------------------------------
Start Handling Custom Attributes
---------------------------------------------------------------------------------
---------------------------------------------------------------------------------
Finished Handling Custom Attributes : Time (s): cpu = 00:00:09 ; elapsed = 00:00:21 . Memory (MB): peak = 1548.387 ; gain = 576.621
---------------------------------------------------------------------------------
---------------------------------------------------------------------------------
Finished RTL Optimization Phase 1 : Time (s): cpu = 00:00:09 ; elapsed = 00:00:21 . Memory (MB): peak = 1548.387 ; gain = 576.621
---------------------------------------------------------------------------------
Netlist sorting complete. Time (s): cpu = 00:00:00 ; elapsed = 00:00:00.003 . Memory (MB): peak = 1548.387 ; gain = 0.000
INFO: [Netlist 29-17] Analyzing 29 Unisim elements for replacement
INFO: [Netlist 29-28] Unisim Transformation completed in 0 CPU seconds
INFO: [Project 1-570] Preparing netlist for logic optimization

Processing XDC Constraints
Initializing timing engine
Parsing XDC File [c:/Users/enzof/OneDrive/Desktop/Basys-3-XADC-2018.2-3/vivado_proj/Basys-3-XADC.gen/sources_1/ip/c_counter_binary_0/c_counter_binary_0_ooc.xdc] for cell 'U0'
Finished Parsing XDC File [c:/Users/enzof/OneDrive/Desktop/Basys-3-XADC-2018.2-3/vivado_proj/Basys-3-XADC.gen/sources_1/ip/c_counter_binary_0/c_counter_binary_0_ooc.xdc] for cell 'U0'
Parsing XDC File [C:/Users/enzof/OneDrive/Desktop/Basys-3-XADC-2018.2-3/vivado_proj/Basys-3-XADC.runs/c_counter_binary_0_synth_1/dont_touch.xdc]
Finished Parsing XDC File [C:/Users/enzof/OneDrive/Desktop/Basys-3-XADC-2018.2-3/vivado_proj/Basys-3-XADC.runs/c_counter_binary_0_synth_1/dont_touch.xdc]
Completed Processing XDC Constraints

Netlist sorting complete. Time (s): cpu = 00:00:00 ; elapsed = 00:00:00 . Memory (MB): peak = 1606.277 ; gain = 0.000
INFO: [Project 1-111] Unisim Transformation Summary:
No Unisim elements were transformed.

The system cannot find the path specified.
Constraint Validation Runtime : Time (s): cpu = 00:00:00 ; elapsed = 00:00:00.136 . Memory (MB): peak = 1606.332 ; gain = 0.055
INFO: [Designutils 20-5008] Incremental synthesis strategy off
---------------------------------------------------------------------------------
Finished Constraint Validation : Time (s): cpu = 00:00:16 ; elapsed = 00:00:35 . Memory (MB): peak = 1606.332 ; gain = 634.566
---------------------------------------------------------------------------------
---------------------------------------------------------------------------------
Start Loading Part and Timing Information
---------------------------------------------------------------------------------
Loading part: xc7a35tcpg236-1
---------------------------------------------------------------------------------
Finished Loading Part and Timing Information : Time (s): cpu = 00:00:16 ; elapsed = 00:00:35 . Memory (MB): peak = 1606.332 ; gain = 634.566
---------------------------------------------------------------------------------
---------------------------------------------------------------------------------
Start Applying 'set_property' XDC Constraints
---------------------------------------------------------------------------------
Applied set_property KEEP_HIERARCHY = SOFT for U0. (constraint file  C:/Users/enzof/OneDrive/Desktop/Basys-3-XADC-2018.2-3/vivado_proj/Basys-3-XADC.runs/c_counter_binary_0_synth_1/dont_touch.xdc, line 9).
---------------------------------------------------------------------------------
Finished applying 'set_property' XDC Constraints : Time (s): cpu = 00:00:16 ; elapsed = 00:00:35 . Memory (MB): peak = 1606.332 ; gain = 634.566
---------------------------------------------------------------------------------
---------------------------------------------------------------------------------
Finished RTL Optimization Phase 2 : Time (s): cpu = 00:00:16 ; elapsed = 00:00:36 . Memory (MB): peak = 1606.332 ; gain = 634.566
---------------------------------------------------------------------------------
---------------------------------------------------------------------------------
Start RTL Component Statistics 
---------------------------------------------------------------------------------
---------------------------------------------------------------------------------
Finished RTL Component Statistics 
---------------------------------------------------------------------------------
---------------------------------------------------------------------------------
Start Part Resource Summary
---------------------------------------------------------------------------------
Part Resources:
DSPs: 90 (col length:60)
BRAMs: 100 (col length: RAMB18 60 RAMB36 30)
---------------------------------------------------------------------------------
Finished Part Resource Summary
---------------------------------------------------------------------------------
---------------------------------------------------------------------------------
Start Cross Boundary and Area Optimization
---------------------------------------------------------------------------------
WARNING: [Synth 8-7080] Parallel synthesis criteria is not met
WARNING: [Synth 8-7129] Port CE in module c_counter_binary_v12_0_17_viv is either unconnected or has no load
WARNING: [Synth 8-7129] Port SSET in module c_counter_binary_v12_0_17_viv is either unconnected or has no load
WARNING: [Synth 8-7129] Port SINIT in module c_counter_binary_v12_0_17_viv is either unconnected or has no load
WARNING: [Synth 8-7129] Port UP in module c_counter_binary_v12_0_17_viv is either unconnected or has no load
WARNING: [Synth 8-7129] Port LOAD in module c_counter_binary_v12_0_17_viv is either unconnected or has no load
WARNING: [Synth 8-7129] Port L[14] in module c_counter_binary_v12_0_17_viv is either unconnected or has no load
WARNING: [Synth 8-7129] Port L[13] in module c_counter_binary_v12_0_17_viv is either unconnected or has no load
WARNING: [Synth 8-7129] Port L[12] in module c_counter_binary_v12_0_17_viv is either unconnected or has no load
WARNING: [Synth 8-7129] Port L[11] in module c_counter_binary_v12_0_17_viv is either unconnected or has no load
WARNING: [Synth 8-7129] Port L[10] in module c_counter_binary_v12_0_17_viv is either unconnected or has no load
WARNING: [Synth 8-7129] Port L[9] in module c_counter_binary_v12_0_17_viv is either unconnected or has no load
WARNING: [Synth 8-7129] Port L[8] in module c_counter_binary_v12_0_17_viv is either unconnected or has no load
WARNING: [Synth 8-7129] Port L[7] in module c_counter_binary_v12_0_17_viv is either unconnected or has no load
WARNING: [Synth 8-7129] Port L[6] in module c_counter_binary_v12_0_17_viv is either unconnected or has no load
WARNING: [Synth 8-7129] Port L[5] in module c_counter_binary_v12_0_17_viv is either unconnected or has no load
WARNING: [Synth 8-7129] Port L[4] in module c_counter_binary_v12_0_17_viv is either unconnected or has no load
WARNING: [Synth 8-7129] Port L[3] in module c_counter_binary_v12_0_17_viv is either unconnected or has no load
WARNING: [Synth 8-7129] Port L[2] in module c_counter_binary_v12_0_17_viv is either unconnected or has no load
WARNING: [Synth 8-7129] Port L[1] in module c_counter_binary_v12_0_17_viv is either unconnected or has no load
WARNING: [Synth 8-7129] Port L[0] in module c_counter_binary_v12_0_17_viv is either unconnected or has no load
---------------------------------------------------------------------------------
Finished Cross Boundary and Area Optimization : Time (s): cpu = 00:00:17 ; elapsed = 00:00:38 . Memory (MB): peak = 1606.332 ; gain = 634.566
---------------------------------------------------------------------------------
---------------------------------------------------------------------------------
Start Applying XDC Timing Constraints
---------------------------------------------------------------------------------
---------------------------------------------------------------------------------
Finished Applying XDC Timing Constraints : Time (s): cpu = 00:00:21 ; elapsed = 00:00:47 . Memory (MB): peak = 1606.332 ; gain = 634.566
---------------------------------------------------------------------------------
---------------------------------------------------------------------------------
Start Timing Optimization
---------------------------------------------------------------------------------
---------------------------------------------------------------------------------
Finished Timing Optimization : Time (s): cpu = 00:00:21 ; elapsed = 00:00:47 . Memory (MB): peak = 1606.332 ; gain = 634.566
---------------------------------------------------------------------------------
---------------------------------------------------------------------------------
Start Technology Mapping
---------------------------------------------------------------------------------
---------------------------------------------------------------------------------
Finished Technology Mapping : Time (s): cpu = 00:00:21 ; elapsed = 00:00:47 . Memory (MB): peak = 1606.332 ; gain = 634.566
---------------------------------------------------------------------------------
---------------------------------------------------------------------------------
Start IO Insertion
---------------------------------------------------------------------------------
---------------------------------------------------------------------------------
Start Flattening Before IO Insertion
---------------------------------------------------------------------------------
---------------------------------------------------------------------------------
Finished Flattening Before IO Insertion
---------------------------------------------------------------------------------
---------------------------------------------------------------------------------
Start Final Netlist Cleanup
---------------------------------------------------------------------------------
---------------------------------------------------------------------------------
Finished Final Netlist Cleanup
---------------------------------------------------------------------------------
---------------------------------------------------------------------------------
Finished IO Insertion : Time (s): cpu = 00:00:25 ; elapsed = 00:00:54 . Memory (MB): peak = 1606.332 ; gain = 634.566
---------------------------------------------------------------------------------
---------------------------------------------------------------------------------
Start Renaming Generated Instances
---------------------------------------------------------------------------------
---------------------------------------------------------------------------------
Finished Renaming Generated Instances : Time (s): cpu = 00:00:25 ; elapsed = 00:00:54 . Memory (MB): peak = 1606.332 ; gain = 634.566
---------------------------------------------------------------------------------
---------------------------------------------------------------------------------
Start Rebuilding User Hierarchy
---------------------------------------------------------------------------------
---------------------------------------------------------------------------------
Finished Rebuilding User Hierarchy : Time (s): cpu = 00:00:25 ; elapsed = 00:00:54 . Memory (MB): peak = 1606.332 ; gain = 634.566
---------------------------------------------------------------------------------
---------------------------------------------------------------------------------
Start Renaming Generated Ports
---------------------------------------------------------------------------------
---------------------------------------------------------------------------------
Finished Renaming Generated Ports : Time (s): cpu = 00:00:25 ; elapsed = 00:00:54 . Memory (MB): peak = 1606.332 ; gain = 634.566
---------------------------------------------------------------------------------
---------------------------------------------------------------------------------
Start Handling Custom Attributes
---------------------------------------------------------------------------------
---------------------------------------------------------------------------------
Finished Handling Custom Attributes : Time (s): cpu = 00:00:25 ; elapsed = 00:00:54 . Memory (MB): peak = 1606.332 ; gain = 634.566
---------------------------------------------------------------------------------
---------------------------------------------------------------------------------
Start Renaming Generated Nets
---------------------------------------------------------------------------------
---------------------------------------------------------------------------------
Finished Renaming Generated Nets : Time (s): cpu = 00:00:25 ; elapsed = 00:00:54 . Memory (MB): peak = 1606.332 ; gain = 634.566
---------------------------------------------------------------------------------
---------------------------------------------------------------------------------
Start Writing Synthesis Report
---------------------------------------------------------------------------------

Report BlackBoxes: 
+-+--------------+----------+
| |BlackBox name |Instances |
+-+--------------+----------+
+-+--------------+----------+

Report Cell Usage: 
+------+------+------+
|      |Cell  |Count |
+------+------+------+
|1     |LUT1  |     1|
|2     |LUT5  |     1|
|3     |LUT6  |     2|
|4     |MUXCY |    14|
|5     |XORCY |    15|
|6     |FDRE  |    16|
+------+------+------+
---------------------------------------------------------------------------------
Finished Writing Synthesis Report : Time (s): cpu = 00:00:25 ; elapsed = 00:00:54 . Memory (MB): peak = 1606.332 ; gain = 634.566
---------------------------------------------------------------------------------
Synthesis finished with 0 errors, 0 critical warnings and 21 warnings.
Synthesis Optimization Runtime : Time (s): cpu = 00:00:14 ; elapsed = 00:00:49 . Memory (MB): peak = 1606.332 ; gain = 576.621
Synthesis Optimization Complete : Time (s): cpu = 00:00:25 ; elapsed = 00:00:54 . Memory (MB): peak = 1606.332 ; gain = 634.566
INFO: [Project 1-571] Translating synthesized netlist
Netlist sorting complete. Time (s): cpu = 00:00:00 ; elapsed = 00:00:00.002 . Memory (MB): peak = 1606.332 ; gain = 0.000
INFO: [Netlist 29-17] Analyzing 29 Unisim elements for replacement
INFO: [Netlist 29-28] Unisim Transformation completed in 0 CPU seconds
INFO: [Project 1-570] Preparing netlist for logic optimization
INFO: [Opt 31-138] Pushed 0 inverter(s) to 0 load pin(s).
Netlist sorting complete. Time (s): cpu = 00:00:00 ; elapsed = 00:00:00 . Memory (MB): peak = 1606.332 ; gain = 0.000
INFO: [Project 1-111] Unisim Transformation Summary:
  A total of 4 instances were transformed.
  (MUXCY,XORCY) => CARRY4: 4 instances

The system cannot find the path specified.
Synth Design complete | Checksum: efa4731d
INFO: [Common 17-83] Releasing license: Synthesis
23 Infos, 89 Warnings, 0 Critical Warnings and 0 Errors encountered.
synth_design completed successfully
synth_design: Time (s): cpu = 00:00:28 ; elapsed = 00:01:15 . Memory (MB): peak = 1606.332 ; gain = 1025.641
Write ShapeDB Complete: Time (s): cpu = 00:00:00 ; elapsed = 00:00:00.001 . Memory (MB): peak = 1606.332 ; gain = 0.000
INFO: [Common 17-1381] The checkpoint 'C:/Users/enzof/OneDrive/Desktop/Basys-3-XADC-2018.2-3/vivado_proj/Basys-3-XADC.runs/c_counter_binary_0_synth_1/c_counter_binary_0.dcp' has been generated.
INFO: [Coretcl 2-1648] Added synthesis output to IP cache for IP c_counter_binary_0, cache-ID = 549bc967474b0306
INFO: [Coretcl 2-1174] Renamed 7 cell refs.
Write ShapeDB Complete: Time (s): cpu = 00:00:00 ; elapsed = 00:00:00.001 . Memory (MB): peak = 1606.332 ; gain = 0.000
INFO: [Common 17-1381] The checkpoint 'C:/Users/enzof/OneDrive/Desktop/Basys-3-XADC-2018.2-3/vivado_proj/Basys-3-XADC.runs/c_counter_binary_0_synth_1/c_counter_binary_0.dcp' has been generated.
INFO: [runtcl-4] Executing : report_utilization -file c_counter_binary_0_utilization_synth.rpt -pb c_counter_binary_0_utilization_synth.pb
INFO: [Common 17-206] Exiting Vivado at Fri Jun  6 11:39:02 2025...
